<?xml version="1.0" encoding="UTF-8"?>
<!-- Generated by org.testng.reporters.JUnitReportReporter -->
<testsuite hostname="SONA" failures="0" tests="1" name="testScript.LoginTest" time="5.200" errors="0" timestamp="2025-07-24T10:07:48 IST" skipped="0">
  <testcase classname="testScript.LoginTest" name="verifyLoginWithValidUserNameAndInvalidPassword" time="5.200"/>
</testsuite> <!-- testScript.LoginTest -->
