<?xml version="1.0" encoding="UTF-8"?>
<!-- Generated by org.testng.reporters.JUnitReportReporter -->
<testsuite hostname="SONA" failures="0" tests="1" name="testScript.ManageNewsTest" time="4.377" errors="0" timestamp="2025-07-18T12:19:44 IST" skipped="0">
  <testcase classname="testScript.ManageNewsTest" name="searchAddedNews" time="4.377"/>
</testsuite> <!-- testScript.ManageNewsTest -->
