<?xml version="1.0" encoding="UTF-8"?>
<!-- Generated by org.testng.reporters.JUnitReportReporter -->
<testsuite hostname="SONA" failures="0" tests="1" name="testScript.HomeTest" time="8.071" errors="0" timestamp="2025-07-31T13:59:46 IST" skipped="0">
  <testcase classname="testScript.HomeTest" name="verifyUserCanLogoutSuccessfully" time="8.071"/>
</testsuite> <!-- testScript.HomeTest -->
