<?xml version="1.0" encoding="UTF-8"?>
<!-- Generated by org.testng.reporters.JUnitReportReporter -->
<testsuite hostname="SONA" failures="0" tests="2" name="testScript.LoginTest" time="66.114" errors="0" timestamp="2025-07-30T14:59:25 IST" skipped="0">
  <testcase classname="testScript.LoginTest" name="verifyLoginWithInvalidCredentials" time="62.240"/>
  <testcase classname="testScript.LoginTest" name="verifyLoginWithInvalidCredentials" time="3.874"/>
</testsuite> <!-- testScript.LoginTest -->
