<?xml version="1.0" encoding="UTF-8"?>
<!-- Generated by org.testng.reporters.JUnitReportReporter -->
<testsuite hostname="SONA" failures="0" tests="1" name="testScript.AdminUsersTest" time="7.501" errors="0" timestamp="2025-07-23T14:54:01 IST" skipped="0">
  <testcase classname="testScript.AdminUsersTest" name="verifyWhetherTheUserIsAbleToAddNewAdminUsers" time="7.501"/>
</testsuite> <!-- testScript.AdminUsersTest -->
