<?xml version="1.0" encoding="UTF-8"?>
<!-- Generated by org.testng.reporters.JUnitReportReporter -->
<testsuite hostname="SONA" failures="0" tests="1" name="testScript.HomeTest" time="4.045" errors="0" timestamp="2025-07-21T16:30:28 IST" skipped="0">
  <testcase classname="testScript.HomeTest" name="verifyUserCanLogoutSuccessfully" time="4.045"/>
</testsuite> <!-- testScript.HomeTest -->
